<datasources>
    <datasource jndi-name="TestDS" pool-name="TestDSPool" enabled="true">
        <driver>h2</driver>
        <connection-url>jdbc:h2:~/h2database/testDB;AUTO_SERVER=TRUE</connection-url>
        <security>
            <user-name>sa</user-name>
            <password>sa</password>
        </security>
    </datasource>
</datasources>